<?xml version="1.0" encoding="UTF-8"?>
<testsuite name="com.stby.step.StepApplicationTests" tests="1" skipped="0" failures="0" errors="0" timestamp="2022-12-29T17:12:46" hostname="DESKTOP-M3GSUL5" time="0.334">
  <properties/>
  <testcase name="contextLoads()" classname="com.stby.step.StepApplicationTests" time="0.334"/>
  <system-out><![CDATA[02:12:43.473 [Test worker] DEBUG org.springframework.test.context.BootstrapUtils - Instantiating CacheAwareContextLoaderDelegate from class [org.springframework.test.context.cache.DefaultCacheAwareContextLoaderDelegate]
02:12:43.482 [Test worker] DEBUG org.springframework.test.context.BootstrapUtils - Instantiating BootstrapContext using constructor [public org.springframework.test.context.support.DefaultBootstrapContext(java.lang.Class,org.springframework.test.context.CacheAwareContextLoaderDelegate)]
02:12:43.509 [Test worker] DEBUG org.springframework.test.context.BootstrapUtils - Instantiating TestContextBootstrapper for test class [com.stby.step.StepApplicationTests] from class [org.springframework.boot.test.context.SpringBootTestContextBootstrapper]
02:12:43.518 [Test worker] INFO org.springframework.boot.test.context.SpringBootTestContextBootstrapper - Neither @ContextConfiguration nor @ContextHierarchy found for test class [com.stby.step.StepApplicationTests], using SpringBootContextLoader
02:12:43.521 [Test worker] DEBUG org.springframework.test.context.support.AbstractContextLoader - Did not detect default resource location for test class [com.stby.step.StepApplicationTests]: class path resource [com/stby/step/StepApplicationTests-context.xml] does not exist
02:12:43.521 [Test worker] DEBUG org.springframework.test.context.support.AbstractContextLoader - Did not detect default resource location for test class [com.stby.step.StepApplicationTests]: class path resource [com/stby/step/StepApplicationTestsContext.groovy] does not exist
02:12:43.522 [Test worker] INFO org.springframework.test.context.support.AbstractContextLoader - Could not detect default resource locations for test class [com.stby.step.StepApplicationTests]: no resource found for suffixes {-context.xml, Context.groovy}.
02:12:43.522 [Test worker] INFO org.springframework.test.context.support.AnnotationConfigContextLoaderUtils - Could not detect default configuration classes for test class [com.stby.step.StepApplicationTests]: StepApplicationTests does not declare any static, non-private, non-final, nested classes annotated with @Configuration.
02:12:43.556 [Test worker] DEBUG org.springframework.test.context.support.ActiveProfilesUtils - Could not find an 'annotation declaring class' for annotation type [org.springframework.test.context.ActiveProfiles] and class [com.stby.step.StepApplicationTests]
02:12:43.605 [Test worker] DEBUG org.springframework.context.annotation.ClassPathScanningCandidateComponentProvider - Identified candidate component class: file [D:\intelijUworkspace\step-by-step-back\build\classes\java\main\com\stby\step\StepApplication.class]
02:12:43.606 [Test worker] INFO org.springframework.boot.test.context.SpringBootTestContextBootstrapper - Found @SpringBootConfiguration com.stby.step.StepApplication for test class com.stby.step.StepApplicationTests
02:12:43.684 [Test worker] DEBUG org.springframework.boot.test.context.SpringBootTestContextBootstrapper - @TestExecutionListeners is not present for class [com.stby.step.StepApplicationTests]: using defaults.
02:12:43.685 [Test worker] INFO org.springframework.boot.test.context.SpringBootTestContextBootstrapper - Loaded default TestExecutionListener class names from location [META-INF/spring.factories]: [org.springframework.boot.test.autoconfigure.restdocs.RestDocsTestExecutionListener, org.springframework.boot.test.autoconfigure.web.client.MockRestServiceServerResetTestExecutionListener, org.springframework.boot.test.autoconfigure.web.servlet.MockMvcPrintOnlyOnFailureTestExecutionListener, org.springframework.boot.test.autoconfigure.web.servlet.WebDriverTestExecutionListener, org.springframework.boot.test.autoconfigure.webservices.client.MockWebServiceServerTestExecutionListener, org.springframework.boot.test.mock.mockito.MockitoTestExecutionListener, org.springframework.boot.test.mock.mockito.ResetMocksTestExecutionListener, org.springframework.test.context.web.ServletTestExecutionListener, org.springframework.test.context.support.DirtiesContextBeforeModesTestExecutionListener, org.springframework.test.context.event.ApplicationEventsTestExecutionListener, org.springframework.test.context.support.DependencyInjectionTestExecutionListener, org.springframework.test.context.support.DirtiesContextTestExecutionListener, org.springframework.test.context.transaction.TransactionalTestExecutionListener, org.springframework.test.context.jdbc.SqlScriptsTestExecutionListener, org.springframework.test.context.event.EventPublishingTestExecutionListener]
02:12:43.708 [Test worker] INFO org.springframework.boot.test.context.SpringBootTestContextBootstrapper - Using TestExecutionListeners: [org.springframework.test.context.web.ServletTestExecutionListener@72bca894, org.springframework.test.context.support.DirtiesContextBeforeModesTestExecutionListener@433ffad1, org.springframework.test.context.event.ApplicationEventsTestExecutionListener@1fc793c2, org.springframework.boot.test.mock.mockito.MockitoTestExecutionListener@2575f671, org.springframework.boot.test.autoconfigure.SpringBootDependencyInjectionTestExecutionListener@329a1243, org.springframework.test.context.support.DirtiesContextTestExecutionListener@ecf9fb3, org.springframework.test.context.transaction.TransactionalTestExecutionListener@2d35442b, org.springframework.test.context.jdbc.SqlScriptsTestExecutionListener@27f9e982, org.springframework.test.context.event.EventPublishingTestExecutionListener@4593ff34, org.springframework.boot.test.autoconfigure.restdocs.RestDocsTestExecutionListener@37d3d232, org.springframework.boot.test.autoconfigure.web.client.MockRestServiceServerResetTestExecutionListener@30c0ccff, org.springframework.boot.test.autoconfigure.web.servlet.MockMvcPrintOnlyOnFailureTestExecutionListener@581d969c, org.springframework.boot.test.autoconfigure.web.servlet.WebDriverTestExecutionListener@22db8f4, org.springframework.boot.test.autoconfigure.webservices.client.MockWebServiceServerTestExecutionListener@2b46a8c1, org.springframework.boot.test.mock.mockito.ResetMocksTestExecutionListener@1d572e62]
02:12:43.711 [Test worker] DEBUG org.springframework.test.context.support.AbstractDirtiesContextTestExecutionListener - Before test class: context [DefaultTestContext@58dea0a5 testClass = StepApplicationTests, testInstance = [null], testMethod = [null], testException = [null], mergedContextConfiguration = [WebMergedContextConfiguration@2a2bb0eb testClass = StepApplicationTests, locations = '{}', classes = '{class com.stby.step.StepApplication}', contextInitializerClasses = '[]', activeProfiles = '{}', propertySourceLocations = '{}', propertySourceProperties = '{org.springframework.boot.test.context.SpringBootTestContextBootstrapper=true}', contextCustomizers = set[org.springframework.boot.test.autoconfigure.actuate.metrics.MetricsExportContextCustomizerFactory$DisableMetricExportContextCustomizer@6aecbb8d, org.springframework.boot.test.autoconfigure.properties.PropertyMappingContextCustomizer@0, org.springframework.boot.test.autoconfigure.web.servlet.WebDriverContextCustomizerFactory$Customizer@62163b39, org.springframework.boot.test.context.filter.ExcludeFilterContextCustomizer@207b8649, org.springframework.boot.test.json.DuplicateJsonObjectContextCustomizerFactory$DuplicateJsonObjectContextCustomizer@53d1b9b3, org.springframework.boot.test.mock.mockito.MockitoContextCustomizer@0, org.springframework.boot.test.web.client.TestRestTemplateContextCustomizer@a776e, org.springframework.boot.test.context.SpringBootTestArgs@1, org.springframework.boot.test.context.SpringBootTestWebEnvironment@c667f46], resourceBasePath = 'src/main/webapp', contextLoader = 'org.springframework.boot.test.context.SpringBootContextLoader', parent = [null]], attributes = map['org.springframework.test.context.web.ServletTestExecutionListener.activateListener' -> true]], class annotated with @DirtiesContext [false] with mode [null].

  .   ____          _            __ _ _
 /\\ / ___'_ __ _ _(_)_ __  __ _ \ \ \ \
( ( )\___ | '_ | '_| | '_ \/ _` | \ \ \ \
 \\/  ___)| |_)| | | | | || (_| |  ) ) ) )
  '  |____| .__|_| |_|_| |_\__, | / / / /
 =========|_|==============|___/=/_/_/_/
 :: Spring Boot ::                (v2.7.6)

2022-12-30 02:12:44.006  WARN 24424 --- [    Test worker] ory$DuplicateJsonObjectContextCustomizer : 

Found multiple occurrences of org.json.JSONObject on the class path:

	jar:file:/C:/Users/hdhwin/.gradle/caches/modules-2/files-2.1/org.json/json/20220924/5aa95e7688f76c664af205c5937620f02688dfbc/json-20220924.jar!/org/json/JSONObject.class
	jar:file:/C:/Users/hdhwin/.gradle/caches/modules-2/files-2.1/com.vaadin.external.google/android-json/0.0.20131108.vaadin1/fa26d351fe62a6a17f5cda1287c1c6110dec413f/android-json-0.0.20131108.vaadin1.jar!/org/json/JSONObject.class

You may wish to exclude one of them to ensure predictable runtime behavior

2022-12-30 02:12:44.019  INFO 24424 --- [    Test worker] com.stby.step.StepApplicationTests       : Starting StepApplicationTests using Java 11.0.15 on DESKTOP-M3GSUL5 with PID 24424 (started by hdhwin in D:\intelijUworkspace\step-by-step-back)
2022-12-30 02:12:44.020  INFO 24424 --- [    Test worker] com.stby.step.StepApplicationTests       : The following 1 profile is active: "mysql"
2022-12-30 02:12:45.744  INFO 24424 --- [    Test worker] pertySourcedRequestMappingHandlerMapping : Mapped URL path [/v2/api-docs] onto method [springfox.documentation.swagger2.web.Swagger2Controller#getDocumentation(String, HttpServletRequest)]
2022-12-30 02:12:46.239  INFO 24424 --- [    Test worker] d.s.w.p.DocumentationPluginsBootstrapper : Context refreshed
2022-12-30 02:12:46.259  INFO 24424 --- [    Test worker] d.s.w.p.DocumentationPluginsBootstrapper : Found 1 custom documentation plugin(s)
2022-12-30 02:12:46.292  INFO 24424 --- [    Test worker] s.d.s.w.s.ApiListingReferenceScanner     : Scanning for api listing references
2022-12-30 02:12:46.449  INFO 24424 --- [    Test worker] .d.s.w.r.o.CachingOperationNameGenerator : Generating unique operation named: getListUsingGET_1
2022-12-30 02:12:46.515  INFO 24424 --- [    Test worker] com.stby.step.StepApplicationTests       : Started StepApplicationTests in 2.772 seconds (JVM running for 4.22)
]]></system-out>
  <system-err><![CDATA[]]></system-err>
</testsuite>
